INFO:     Will watch for changes in these directories: ['C:\\Users\\tinno\\OneDrive - The University of Waikato\\Compx241\\Project\\debate-me']
INFO:     Uvicorn running on http://127.0.0.1:8000 (Press CTRL+C to quit)
INFO:     Started reloader process [42584] using WatchFiles
INFO:     Started server process [6028]
INFO:     Waiting for application startup.
INFO:     Application startup complete.
WARNING:  WatchFiles detected changes in '_rep.py'. Reloading...
 INFO:     Shutting down
INFO:     Waiting for application shutdown.
INFO:     Application shutdown complete.
INFO:     Finished server process [6028]
WARNING:  WatchFiles detected changes in 'tts.py', 'lipsync.py', 'AI_Response.py'. Reloading...
 Traceback (most recent call last):
  File "<string>", line 1, in <module>
    from multiprocessing.spawn import spawn_main; spawn_main(parent_pid=42584, pipe_handle=920)
                                                  ~~~~~~~~~~^^^^^^^^^^^^^^^^^^^^^^^^^^^^^^^^^^^
  File "C:\Users\tinno\AppData\Local\Python\pythoncore-3.14-64\Lib\multiprocessing\spawn.py", line 122, in spawn_main
    exitcode = _main(fd, parent_sentinel)
  File "C:\Users\tinno\AppData\Local\Python\pythoncore-3.14-64\Lib\multiprocessing\spawn.py", line 132, in _main
    self = reduction.pickle.load(from_parent)
  File "C:\Users\tinno\OneDrive - The University of Waikato\Compx241\Project\debate-me\.venv\Lib\site-packages\uvicorn\__init__.py", line 1, in <module>
    from uvicorn.config import Config
  File "C:\Users\tinno\OneDrive - The University of Waikato\Compx241\Project\debate-me\.venv\Lib\site-packages\uvicorn\config.py", line 3, in <module>
    import asyncio
  File "C:\Users\tinno\AppData\Local\Python\pythoncore-3.14-64\Lib\asyncio\__init__.py", line 45, in <module>
    from .windows_events import *
  File "<frozen importlib._bootstrap>", line 1371, in _find_and_load
  File "<frozen importlib._bootstrap>", line 1342, in _find_and_load_unlocked
  File "<frozen importlib._bootstrap>", line 938, in _load_unlocked
  File "<frozen importlib._bootstrap_external>", line 755, in exec_module
  File "<frozen importlib._bootstrap_external>", line 851, in get_code
  File "<frozen importlib._bootstrap_external>", line 950, in get_data
KeyboardInterrupt
INFO:     Started server process [10600]
INFO:     Waiting for application startup.
INFO:     Application startup complete.
INFO:     Shutting down
INFO:     Stopping reloader process [42584]
